SH SERIES C/C++ Compiler (Ver. 6.0C)                                                                 05-May-2013 20:25:32  PAGE    1

************ OBJECT LISTING ************

FILE NAME: E:\Anderain\fx-9860\dPicoc\cstdlib\stdbool.c

SCT OFFSET   CODE       C LABEL     INSTRUCTION OPERAND    COMMENT

       stdbool.c     1    /* string.h library for large systems - small embedded systems use clibrary.c instead */
       stdbool.c     2    #include "../interpreter.h"
       stdbool.c     3    
       stdbool.c     4    #ifndef BUILTIN_MINI_STDLIB
       stdbool.c     5    
       stdbool.c     6    static int trueValue = 1;
       stdbool.c     7    static int falseValue = 0;
       stdbool.c     8    
       stdbool.c     9    
       stdbool.c    10    /* structure definitions */
       stdbool.c    11    const char StdboolDefs[] = "typedef int bool;";
       stdbool.c    12    
       stdbool.c    13    /* creates various system-dependent definitions */
       stdbool.c    14    void StdboolSetupFunc(void)
P   00000000              _StdboolSetupFunc:               ; function: StdboolSetupFunc
                                                           ; frame size=20
    00000000 2FE6                   MOV.L       R14,@-R15
       stdbool.c    15    {
       stdbool.c    16        /* defines */
       stdbool.c    17        VariableDefinePlatformVar(NULL, "true", &IntType, (union AnyValue *)&trueValue, FALSE);
    00000002 E300                   MOV         #0,R3
    00000004 D70D                   MOV.L       L504+4,R7  ; __$trueValue
    00000006 4F22                   STS.L       PR,@-R15
    00000008 DE0B                   MOV.L       L504,R14   ; _VariableDefinePlatformVar
    0000000A 2F36                   MOV.L       R3,@-R15
    0000000C D60C                   MOV.L       L504+8,R6  ; _IntType
    0000000E D50D                   MOV.L       L504+12,R5 ; L496
    00000010 4E0B                   JSR         @R14
    00000012 6433                   MOV         R3,R4
       stdbool.c    18        VariableDefinePlatformVar(NULL, "false", &IntType, (union AnyValue *)&falseValue, FALSE);
    00000014 D70C                   MOV.L       L504+16,R7 ; __$falseValue
    00000016 E200                   MOV         #0,R2
    00000018 D609                   MOV.L       L504+8,R6  ; _IntType
    0000001A 2F26                   MOV.L       R2,@-R15
    0000001C D50B                   MOV.L       L504+20,R5 ; L497
    0000001E 4E0B                   JSR         @R14
    00000020 6423                   MOV         R2,R4
       stdbool.c    19        VariableDefinePlatformVar(NULL, "__bool_true_false_are_defined", &IntType, (union AnyValue *)&trueValu
                         +e, FALSE);
    00000022 E300                   MOV         #0,R3
    00000024 D705                   MOV.L       L504+4,R7  ; __$trueValue
    00000026 2F36                   MOV.L       R3,@-R15
    00000028 D605                   MOV.L       L504+8,R6  ; _IntType
    0000002A D509                   MOV.L       L504+24,R5 ; L498
    0000002C 4E0B                   JSR         @R14
    0000002E 6433                   MOV         R3,R4
       stdbool.c    20    }
    00000030 7F0C                   ADD         #12,R15
    00000032 4F26                   LDS.L       @R15+,PR
    00000034 000B                   RTS
    00000036 6EF6                   MOV.L       @R15+,R14
    00000038              L504:                             
    00000038 <00000000>             .DATA.L     _VariableDefinePlatformVar
    0000003C <00000000>             .DATA.L     __$trueValue




SH SERIES C/C++ Compiler (Ver. 6.0C)                                                                 05-May-2013 20:25:32  PAGE    2


SCT OFFSET   CODE       C LABEL     INSTRUCTION OPERAND    COMMENT

    00000040 <00000000>             .DATA.L     _IntType
    00000044 <00000000>             .DATA.L     L496
    00000048 <00000000>             .DATA.L     __$falseValue
    0000004C <00000000>             .DATA.L     L497
    00000050 <00000000>             .DATA.L     L498
       stdbool.c    21    
       stdbool.c    22    #endif /* !BUILTIN_MINI_STDLIB */
D   00000000              __$trueValue:                    ; static: trueValue
    00000000 00000001               .DATA.L     H'00000001
    00000004              __$falseValue:                   ; static: falseValue
    00000004 00000000               .DATA.L     H'00000000
C   00000000              _StdboolDefs:                    ; static: StdboolDefs
    00000000 7479706564             .SDATA      "typedef int bool;"
             656620696E   
             7420626F6F   
             6C3B         
    00000011 00                     .DATA.B     H'00
    00000012 00000002               .RES.W      1
    00000014              L496:
    00000014 74727565               .SDATA      "true"
    00000018 00                     .DATA.B     H'00
    00000019 00000001               .RES.B      1
    0000001A 00000002               .RES.W      1
    0000001C              L497:
    0000001C 66616C7365             .SDATA      "false"
    00000021 00                     .DATA.B     H'00
    00000022 00000002               .RES.W      1
    00000024              L498:
    00000024 5F5F626F6F             .SDATA      "__bool_true_false_are_defined"
             6C5F747275   
             655F66616C   
             73655F6172   
             655F646566   
             696E6564     
    00000041 00                     .DATA.B     H'00


























SH SERIES C/C++ Compiler (Ver. 6.0C)                                                                 05-May-2013 20:25:32  PAGE    1


******** STATISTICS INFORMATION ********


********** ERROR INFORMATION ***********

NUMBER OF ERRORS:           0
NUMBER OF WARNINGS:         0




******* SOURCE LINE INFORMATION ********

COMPILED SOURCE LINE:       21



******* SECTION SIZE INFORMATION *******

PROGRAM  SECTION (P):                               00000054 Byte(s)
CONSTANT SECTION (C):                               00000042 Byte(s)
DATA     SECTION (D):                               00000008 Byte(s)
BSS      SECTION (B):                               00000000 Byte(s)

 TOTAL PROGRAM SIZE: 0000009E Byte(s)



********** LABEL INFORMATION ***********

NUMBER OF EXTERNAL REFERENCE SYMBOLS:            2
NUMBER OF EXTERNAL DEFINITION SYMBOLS:           2
NUMBER OF INTERNAL/EXTERNAL SYMBOLS:             8






























*** COMMAND PARAMETER ***


  -subcommand=C:\DOCUME~1\ADMINI~1\LOCALS~1\Temp\hmk34F.tmp 

